Added Component: Designator=*1(LED_0402_YELLOW)
Added Component: Designator=*2(¾§Õñ_3P)
Added Component: Designator=*3(LED_0402_YELLOW)
Added Component: Designator=1(OLED-128X80)
Added Component: Designator=C1(CAP_0402)
Added Component: Designator=C2(CAP_0402)
Added Component: Designator=C3(CAP_0402)
Added Component: Designator=C4(CAP_0402)
Added Component: Designator=C5(CAP_0402)
Added Component: Designator=C6(CAP_0402)
Added Component: Designator=C7(CAP_0402)
Added Component: Designator=C8(CAP_0402)
Added Component: Designator=C9(CAP_0402)
Added Component: Designator=C10(CAP_0402)
Added Component: Designator=C11(CAP_0402)
Added Component: Designator=C12(CAP_0402)
Added Component: Designator=C13(CAP_0402)
Added Component: Designator=C14(CAP_0402)
Added Component: Designator=C15(CAP_0402)
Added Component: Designator=K1(ButtonTACT_3x4x2_180)
Added Component: Designator=K2(ButtonTACT_3x4x2_180)
Added Component: Designator=R1(RES_0402)
Added Component: Designator=R2(RES_0402)
Added Component: Designator=R3(RES_0402)
Added Component: Designator=R4(RES_0402)
Added Component: Designator=R5(RES_0402)
Added Component: Designator=R6(RES_0402)
Added Component: Designator=R7(RES_0402)
Added Component: Designator=R8(RES_0402)
Added Component: Designator=R9(RES_0402)
Added Component: Designator=R10(RES_0402)
Added Component: Designator=R11(RES_0402)
Added Component: Designator=R12(RES_0402)
Added Component: Designator=R13(RES_0402)
Added Component: Designator=R14(RES_0402)
Added Component: Designator=R15(RES_0402)
Added Component: Designator=R16(RES_0402)
Added Component: Designator=R17(RES_0402)
Added Component: Designator=R18(RES_0402)
Added Component: Designator=R19(RES_0402)
Added Component: Designator=R20(RES_0402)
Added Component: Designator=R21(RES_0402)
Added Component: Designator=U1(LQFP-48)
Added Component: Designator=U2(SO-8)
Added Component: Designator=U3(SOT23-5)
Added Component: Designator=U4(QFN-28)
Added Component: Designator=U5(QFN-24)
Added Component: Designator=USB1(Type-C-TOP-16)
Added Pin To Net: NetName=3v3 Pin=1-4
Added Pin To Net: NetName=3v3 Pin=*1-1
Added Pin To Net: NetName=3v3 Pin=C1-2
Added Pin To Net: NetName=3v3 Pin=C2-2
Added Pin To Net: NetName=3v3 Pin=C3-2
Added Pin To Net: NetName=3v3 Pin=C7-2
Added Pin To Net: NetName=3v3 Pin=C8-2
Added Pin To Net: NetName=3v3 Pin=C10-1
Added Pin To Net: NetName=3v3 Pin=C15-1
Added Pin To Net: NetName=3v3 Pin=R1-2
Added Pin To Net: NetName=3v3 Pin=R4-2
Added Pin To Net: NetName=3v3 Pin=R7-2
Added Pin To Net: NetName=3v3 Pin=R11-1
Added Pin To Net: NetName=3v3 Pin=R12-1
Added Pin To Net: NetName=3v3 Pin=R13-2
Added Pin To Net: NetName=3v3 Pin=R14-1
Added Pin To Net: NetName=3v3 Pin=R16-2
Added Pin To Net: NetName=3v3 Pin=R21-2
Added Pin To Net: NetName=3v3 Pin=U1-1
Added Pin To Net: NetName=3v3 Pin=U1-9
Added Pin To Net: NetName=3v3 Pin=U1-24
Added Pin To Net: NetName=3v3 Pin=U1-36
Added Pin To Net: NetName=3v3 Pin=U1-48
Added Pin To Net: NetName=3v3 Pin=U2-3
Added Pin To Net: NetName=3v3 Pin=U3-5
Added Pin To Net: NetName=3v3 Pin=U5-8
Added Pin To Net: NetName=3v3 Pin=U5-13
Added Net: Name=3v3
Added Pin To Net: NetName=5V Pin=1-2
Added Pin To Net: NetName=5V Pin=R10-2
Added Pin To Net: NetName=5V Pin=U3-1
Added Pin To Net: NetName=5V Pin=U3-3
Added Pin To Net: NetName=5V Pin=U4-7
Added Pin To Net: NetName=5V Pin=U4-8
Added Pin To Net: NetName=5V Pin=USB1-A4
Added Pin To Net: NetName=5V Pin=USB1-A9
Added Pin To Net: NetName=5V Pin=USB1-B4
Added Pin To Net: NetName=5V Pin=USB1-B9
Added Net: Name=5V
Added Pin To Net: NetName=BUTTON1 Pin=K1-2
Added Pin To Net: NetName=BUTTON1 Pin=R1-1
Added Pin To Net: NetName=BUTTON1 Pin=U1-20
Added Net: Name=BUTTON1
Added Pin To Net: NetName=BUTTON2 Pin=K2-2
Added Pin To Net: NetName=BUTTON2 Pin=R4-1
Added Pin To Net: NetName=BUTTON2 Pin=U1-25
Added Net: Name=BUTTON2
Added Pin To Net: NetName=CAN_H Pin=R2-2
Added Pin To Net: NetName=CAN_H Pin=U2-7
Added Net: Name=CAN_H
Added Pin To Net: NetName=CAN_L Pin=R2-1
Added Pin To Net: NetName=CAN_L Pin=U2-6
Added Net: Name=CAN_L
Added Pin To Net: NetName=CAN_RX Pin=U1-46
Added Pin To Net: NetName=CAN_RX Pin=U2-4
Added Net: Name=CAN_RX
Added Pin To Net: NetName=CAN_TX Pin=U1-45
Added Pin To Net: NetName=CAN_TX Pin=U2-1
Added Net: Name=CAN_TX
Added Pin To Net: NetName=D+ Pin=U4-4
Added Pin To Net: NetName=D+ Pin=USB1-B6
Added Net: Name=D+
Added Pin To Net: NetName=D- Pin=U4-5
Added Pin To Net: NetName=D- Pin=USB1-B7
Added Net: Name=D-
Added Pin To Net: NetName=GND Pin=1-7
Added Pin To Net: NetName=GND Pin=1-9
Added Pin To Net: NetName=GND Pin=1-12
Added Pin To Net: NetName=GND Pin=*2-2
Added Pin To Net: NetName=GND Pin=C1-1
Added Pin To Net: NetName=GND Pin=C2-1
Added Pin To Net: NetName=GND Pin=C3-1
Added Pin To Net: NetName=GND Pin=C4-2
Added Pin To Net: NetName=GND Pin=C5-2
Added Pin To Net: NetName=GND Pin=C6-2
Added Pin To Net: NetName=GND Pin=C7-1
Added Pin To Net: NetName=GND Pin=C8-1
Added Pin To Net: NetName=GND Pin=C9-1
Added Pin To Net: NetName=GND Pin=C10-2
Added Pin To Net: NetName=GND Pin=C11-1
Added Pin To Net: NetName=GND Pin=C12-1
Added Pin To Net: NetName=GND Pin=C13-2
Added Pin To Net: NetName=GND Pin=C14-1
Added Pin To Net: NetName=GND Pin=C15-2
Added Pin To Net: NetName=GND Pin=K1-1
Added Pin To Net: NetName=GND Pin=K2-1
Added Pin To Net: NetName=GND Pin=R6-2
Added Pin To Net: NetName=GND Pin=R8-2
Added Pin To Net: NetName=GND Pin=R9-2
Added Pin To Net: NetName=GND Pin=R17-1
Added Pin To Net: NetName=GND Pin=R19-2
Added Pin To Net: NetName=GND Pin=R20-2
Added Pin To Net: NetName=GND Pin=U1-8
Added Pin To Net: NetName=GND Pin=U1-23
Added Pin To Net: NetName=GND Pin=U1-35
Added Pin To Net: NetName=GND Pin=U1-47
Added Pin To Net: NetName=GND Pin=U2-2
Added Pin To Net: NetName=GND Pin=U3-2
Added Pin To Net: NetName=GND Pin=U5-1
Added Pin To Net: NetName=GND Pin=U5-9
Added Pin To Net: NetName=GND Pin=U5-11
Added Pin To Net: NetName=GND Pin=U5-18
Added Pin To Net: NetName=GND Pin=USB1-1
Added Pin To Net: NetName=GND Pin=USB1-2
Added Pin To Net: NetName=GND Pin=USB1-3
Added Pin To Net: NetName=GND Pin=USB1-4
Added Pin To Net: NetName=GND Pin=USB1-A1
Added Pin To Net: NetName=GND Pin=USB1-A12
Added Pin To Net: NetName=GND Pin=USB1-B1
Added Pin To Net: NetName=GND Pin=USB1-B12
Added Net: Name=GND
Added Pin To Net: NetName=IMU_SCL Pin=R14-2
Added Pin To Net: NetName=IMU_SCL Pin=U1-42
Added Pin To Net: NetName=IMU_SCL Pin=U5-23
Added Net: Name=IMU_SCL
Added Pin To Net: NetName=IMU_SDA Pin=R13-1
Added Pin To Net: NetName=IMU_SDA Pin=U1-43
Added Pin To Net: NetName=IMU_SDA Pin=U5-24
Added Net: Name=IMU_SDA
Added Pin To Net: NetName=LED Pin=*3-1
Added Pin To Net: NetName=LED Pin=U1-29
Added Net: Name=LED
Added Pin To Net: NetName=Net1_3 Pin=1-3
Added Pin To Net: NetName=Net1_3 Pin=C14-2
Added Net: Name=Net1_3
Added Pin To Net: NetName=Net1_5 Pin=1-5
Added Pin To Net: NetName=Net1_5 Pin=R21-1
Added Net: Name=Net1_5
Added Pin To Net: NetName=Net1_6 Pin=1-6
Added Pin To Net: NetName=Net1_6 Pin=R19-1
Added Net: Name=Net1_6
Added Pin To Net: NetName=Net1_8 Pin=1-8
Added Pin To Net: NetName=Net1_8 Pin=C11-2
Added Pin To Net: NetName=Net1_8 Pin=R16-1
Added Net: Name=Net1_8
Added Pin To Net: NetName=Net*1_2 Pin=*1-2
Added Pin To Net: NetName=Net*1_2 Pin=R8-1
Added Net: Name=Net*1_2
Added Pin To Net: NetName=Net*2_1 Pin=*2-1
Added Pin To Net: NetName=Net*2_1 Pin=C6-1
Added Pin To Net: NetName=Net*2_1 Pin=U1-6
Added Net: Name=Net*2_1
Added Pin To Net: NetName=Net*2_3 Pin=*2-3
Added Pin To Net: NetName=Net*2_3 Pin=C4-1
Added Pin To Net: NetName=Net*2_3 Pin=U1-5
Added Net: Name=Net*2_3
Added Pin To Net: NetName=Net*3_2 Pin=*3-2
Added Pin To Net: NetName=Net*3_2 Pin=R9-1
Added Net: Name=Net*3_2
Added Pin To Net: NetName=NetC5_1 Pin=C5-1
Added Pin To Net: NetName=NetC5_1 Pin=R7-1
Added Pin To Net: NetName=NetC5_1 Pin=U1-7
Added Net: Name=NetC5_1
Added Pin To Net: NetName=NetC9_2 Pin=C9-2
Added Pin To Net: NetName=NetC9_2 Pin=U3-4
Added Net: Name=NetC9_2
Added Pin To Net: NetName=NetC12_2 Pin=C12-2
Added Pin To Net: NetName=NetC12_2 Pin=U5-20
Added Net: Name=NetC12_2
Added Pin To Net: NetName=NetC13_1 Pin=C13-1
Added Pin To Net: NetName=NetC13_1 Pin=U5-10
Added Net: Name=NetC13_1
Added Pin To Net: NetName=NetR6_1 Pin=R6-1
Added Pin To Net: NetName=NetR6_1 Pin=U1-44
Added Net: Name=NetR6_1
Added Pin To Net: NetName=NetR10_1 Pin=R10-1
Added Pin To Net: NetName=NetR10_1 Pin=U4-9
Added Net: Name=NetR10_1
Added Pin To Net: NetName=NetR15_1 Pin=R15-1
Added Pin To Net: NetName=NetR15_1 Pin=U4-25
Added Net: Name=NetR15_1
Added Pin To Net: NetName=NetR17_2 Pin=R17-2
Added Pin To Net: NetName=NetR17_2 Pin=USB1-A5
Added Net: Name=NetR17_2
Added Pin To Net: NetName=NetR18_1 Pin=R18-1
Added Pin To Net: NetName=NetR18_1 Pin=U4-26
Added Net: Name=NetR18_1
Added Pin To Net: NetName=NetR20_1 Pin=R20-1
Added Pin To Net: NetName=NetR20_1 Pin=USB1-B5
Added Net: Name=NetR20_1
Added Pin To Net: NetName=OLED_SCL Pin=1-10
Added Pin To Net: NetName=OLED_SCL Pin=R12-2
Added Pin To Net: NetName=OLED_SCL Pin=U1-21
Added Net: Name=OLED_SCL
Added Pin To Net: NetName=OLED_SDA Pin=1-11
Added Pin To Net: NetName=OLED_SDA Pin=R11-2
Added Pin To Net: NetName=OLED_SDA Pin=U1-22
Added Net: Name=OLED_SDA
Added Pin To Net: NetName=PA0 Pin=U1-10
Added Net: Name=PA0
Added Pin To Net: NetName=PA1 Pin=U1-11
Added Net: Name=PA1
Added Pin To Net: NetName=PA2 Pin=U1-12
Added Net: Name=PA2
Added Pin To Net: NetName=PA3 Pin=U1-13
Added Net: Name=PA3
Added Pin To Net: NetName=PA4 Pin=U1-14
Added Net: Name=PA4
Added Pin To Net: NetName=PA5 Pin=U1-15
Added Net: Name=PA5
Added Pin To Net: NetName=PA6 Pin=U1-16
Added Net: Name=PA6
Added Pin To Net: NetName=PA7 Pin=U1-17
Added Net: Name=PA7
Added Pin To Net: NetName=PA15 Pin=U1-38
Added Net: Name=PA15
Added Pin To Net: NetName=PB0 Pin=U1-18
Added Net: Name=PB0
Added Pin To Net: NetName=PB1 Pin=U1-19
Added Net: Name=PB1
Added Pin To Net: NetName=PB3 Pin=U1-39
Added Net: Name=PB3
Added Pin To Net: NetName=PB4 Pin=U1-40
Added Net: Name=PB4
Added Pin To Net: NetName=PB5 Pin=U1-41
Added Net: Name=PB5
Added Pin To Net: NetName=PB13 Pin=U1-26
Added Net: Name=PB13
Added Pin To Net: NetName=PB14 Pin=U1-27
Added Net: Name=PB14
Added Pin To Net: NetName=PB15 Pin=U1-28
Added Net: Name=PB15
Added Pin To Net: NetName=PC13 Pin=U1-2
Added Net: Name=PC13
Added Pin To Net: NetName=PC14 Pin=U1-3
Added Net: Name=PC14
Added Pin To Net: NetName=PC15 Pin=U1-4
Added Net: Name=PC15
Added Pin To Net: NetName=SWCLK Pin=U1-37
Added Net: Name=SWCLK
Added Pin To Net: NetName=SWDIO Pin=U1-34
Added Net: Name=SWDIO
Added Pin To Net: NetName=UART1_RX Pin=R18-2
Added Pin To Net: NetName=UART1_RX Pin=U1-31
Added Net: Name=UART1_RX
Added Pin To Net: NetName=UART1_TX Pin=R15-2
Added Pin To Net: NetName=UART1_TX Pin=U1-30
Added Net: Name=UART1_TX
Added Pin To Net: NetName=USB_DM_IN Pin=R3-2
Added Pin To Net: NetName=USB_DM_IN Pin=U1-32
Added Net: Name=USB_DM_IN
Added Pin To Net: NetName=USB_DM Pin=R3-1
Added Pin To Net: NetName=USB_DM Pin=USB1-A7
Added Net: Name=USB_DM
Added Pin To Net: NetName=USB_DP_IN Pin=R5-2
Added Pin To Net: NetName=USB_DP_IN Pin=U1-33
Added Net: Name=USB_DP_IN
Added Pin To Net: NetName=USB_DP Pin=R5-1
Added Pin To Net: NetName=USB_DP Pin=USB1-A6
Added Net: Name=USB_DP
Added Class: Name=DB-STM32F103CBTx
Added Room: Name=DB-STM32F103CBTx
