Change Component Footprint: Designator=K1 Old Footprint=ButtonTACT_3x4x2_180 New Footprint=ButtonTACT_3.5*3.55_90
Change Component Footprint: Designator=K2 Old Footprint=ButtonTACT_3x4x2_180 New Footprint=ButtonTACT_3.5*3.55_90
Change Component Comment : Designator=R13 Old Comment=4.7K New Comment=2K
Change Component Comment : Designator=R14 Old Comment=4.7K New Comment=2K
Change Component Comment : Designator=K1 Old Comment=ButtonTACT_3x4x2_180 New Comment=ButtonTACT
Change Component Comment : Designator=K2 Old Comment=ButtonTACT_3x4x2_180 New Comment=ButtonTACT
Change Component Designator: OldDesignator=*1 NewDesignator=*2
Change Component Designator: OldDesignator=*2 NewDesignator=*5
Change Component Designator: OldDesignator=*3 NewDesignator=*4
Change Component Designator: OldDesignator=C4 NewDesignator=C7
Change Component Designator: OldDesignator=C5 NewDesignator=C8
Change Component Designator: OldDesignator=C6 NewDesignator=C9
Change Component Designator: OldDesignator=C7 NewDesignator=C4
Change Component Designator: OldDesignator=C8 NewDesignator=C5
Change Component Designator: OldDesignator=C9 NewDesignator=C6
Change Component Designator: OldDesignator=C10 NewDesignator=C12
Change Component Designator: OldDesignator=C11 NewDesignator=C13
Change Component Designator: OldDesignator=C12 NewDesignator=C14
Change Component Designator: OldDesignator=C13 NewDesignator=C15
Change Component Designator: OldDesignator=C14 NewDesignator=C16
Change Component Designator: OldDesignator=C15 NewDesignator=C17
Change Component Designator: OldDesignator=R3 NewDesignator=R4
Change Component Designator: OldDesignator=R4 NewDesignator=R3
Change Component Designator: OldDesignator=R5 NewDesignator=R6
Change Component Designator: OldDesignator=R6 NewDesignator=R8
Change Component Designator: OldDesignator=R7 NewDesignator=R9
Change Component Designator: OldDesignator=R8 NewDesignator=R5
Change Component Designator: OldDesignator=R9 NewDesignator=R7
Added Component: Designator=*1(SH1.0-6P)
Added Component: Designator=*3(SH1.0-2P)
Added Component: Designator=*6(HDR2.54-12P)
Added Component: Designator=*7(HDR2.54-12P)
Added Component: Designator=C10(CAP_0402)
Added Component: Designator=C11(CAP_0402)
Added Pin To Net: NetName=GND Pin=*1-1
Added Pin To Net: NetName=UART1_TX Pin=*1-2
Added Pin To Net: NetName=UART1_RX Pin=*1-3
Added Pin To Net: NetName=GND Pin=*1-4
Added Pin To Net: NetName=SWDIO Pin=*1-5
Added Pin To Net: NetName=SWCLK Pin=*1-6
Added Pin To Net: NetName=CAN_H Pin=*3-1
Added Pin To Net: NetName=CAN_L Pin=*3-2
Added Pin To Net: NetName=PB13 Pin=*6-1
Added Pin To Net: NetName=PB14 Pin=*6-2
Added Pin To Net: NetName=PB15 Pin=*6-3
Added Pin To Net: NetName=PA15 Pin=*6-4
Added Pin To Net: NetName=PB3 Pin=*6-5
Added Pin To Net: NetName=PB4 Pin=*6-6
Added Pin To Net: NetName=PB5 Pin=*6-7
Added Pin To Net: NetName=PC13 Pin=*6-8
Added Pin To Net: NetName=PC14 Pin=*6-9
Added Pin To Net: NetName=PC15 Pin=*6-10
Added Pin To Net: NetName=3v3 Pin=*6-11
Added Pin To Net: NetName=GND Pin=*6-12
Added Pin To Net: NetName=PB1 Pin=*7-1
Added Pin To Net: NetName=PB0 Pin=*7-2
Added Pin To Net: NetName=PA7 Pin=*7-3
Added Pin To Net: NetName=PA6 Pin=*7-4
Added Pin To Net: NetName=PA5 Pin=*7-5
Added Pin To Net: NetName=PA4 Pin=*7-6
Added Pin To Net: NetName=PA3 Pin=*7-7
Added Pin To Net: NetName=PA2 Pin=*7-8
Added Pin To Net: NetName=PA1 Pin=*7-9
Added Pin To Net: NetName=PA0 Pin=*7-10
Added Pin To Net: NetName=5V Pin=*7-11
Added Pin To Net: NetName=GND Pin=*7-12
Added Pin To Net: NetName=GND Pin=C10-1
Added Pin To Net: NetName=5V Pin=C10-2
Added Pin To Net: NetName=GND Pin=C11-1
Added Pin To Net: NetName=5V Pin=C11-2
Added Pin To Net: NetName=GND Pin=K1-3
Added Pin To Net: NetName=BUTTON1 Pin=K1-4
Added Pin To Net: NetName=GND Pin=K2-3
Added Pin To Net: NetName=BUTTON2 Pin=K2-4
Added Pin To Net: NetName=GND Pin=U4-3
Added Pin To Net: NetName=GND Pin=U4-29
Change Net Name : Old Net Name=Net*1_2 New Net Name=Net*2_2
Change Net Name : Old Net Name=Net*2_1 New Net Name=Net*5_1
Change Net Name : Old Net Name=Net*2_3 New Net Name=Net*5_3
Change Net Name : Old Net Name=Net*3_2 New Net Name=Net*4_2
Change Net Name : Old Net Name=NetC5_1 New Net Name=NetC8_1
Change Net Name : Old Net Name=NetC9_2 New Net Name=NetC6_2
Change Net Name : Old Net Name=NetC12_2 New Net Name=NetC14_2
Change Net Name : Old Net Name=NetC13_1 New Net Name=NetC15_1
Change Net Name : Old Net Name=NetR6_1 New Net Name=NetR8_1
Change Class Name : Old Net Name=DB-STM32F103CBTx New Net Name=main
Added Member To Class: ClassName=main Member=Component *4 LED-0402
Added Member To Class: ClassName=main Member=Component *5 OSC-8MHz-3P
Added Member To Class: ClassName=main Member=Component *6 HDR2.54-12P
Added Member To Class: ClassName=main Member=Component *7 HDR2.54-12P
Added Member To Class: ClassName=main Member=Component C16 10uF
Added Member To Class: ClassName=main Member=Component C17 0.1uF
Added Room: Name=main
