Added Component: Designator=*6(HDR2.54-14P)
Added Component: Designator=*7(HDR2.54-14P)
Added Pin To Net: NetName=5V Pin=*6-1
Added Pin To Net: NetName=SWDIO Pin=*6-2
Added Pin To Net: NetName=SWCLK Pin=*6-3
Added Pin To Net: NetName=GND Pin=*6-4
Added Pin To Net: NetName=PA0 Pin=*6-5
Added Pin To Net: NetName=PA1 Pin=*6-6
Added Pin To Net: NetName=PA2 Pin=*6-7
Added Pin To Net: NetName=PA15 Pin=*6-8
Added Pin To Net: NetName=PB3 Pin=*6-9
Added Pin To Net: NetName=PB4 Pin=*6-10
Added Pin To Net: NetName=PB5 Pin=*6-11
Added Pin To Net: NetName=PC13 Pin=*6-12
Added Pin To Net: NetName=PC14 Pin=*6-13
Added Pin To Net: NetName=PC15 Pin=*6-14
Added Pin To Net: NetName=3v3 Pin=*7-1
Added Pin To Net: NetName=GND Pin=*7-2
Added Pin To Net: NetName=UART1_TX Pin=*7-3
Added Pin To Net: NetName=UART1_RX Pin=*7-4
Added Pin To Net: NetName=PB15 Pin=*7-5
Added Pin To Net: NetName=PB14 Pin=*7-6
Added Pin To Net: NetName=PB13 Pin=*7-7
Added Pin To Net: NetName=PB1 Pin=*7-8
Added Pin To Net: NetName=PB0 Pin=*7-9
Added Pin To Net: NetName=PA7 Pin=*7-10
Added Pin To Net: NetName=PA6 Pin=*7-11
Added Pin To Net: NetName=PA5 Pin=*7-12
Added Pin To Net: NetName=PA4 Pin=*7-13
Added Pin To Net: NetName=PA3 Pin=*7-14
Added Member To Class: ClassName=main Member=Component *6 HDR2.54-14P
Added Member To Class: ClassName=main Member=Component *7 HDR2.54-14P
Added Room: Name=main
